#
# There is insufficient memory for the Java Runtime Environment to continue.
# Native memory allocation (malloc) failed to allocate 130928 bytes for Chunk::new
# Possible reasons:
#   The system is out of physical RAM or swap space
#   In 32 bit mode, the process size limit was hit
# Possible solutions:
#   Reduce memory load on the system
#   Increase physical memory or swap space
#   Check if swap backing store is full
#   Use 64 bit Java on a 64 bit OS
#   Decrease Java heap size (-Xmx/-Xms)
#   Decrease number of Java threads
#   Decrease Java thread stack sizes (-Xss)
#   Set larger code cache with -XX:ReservedCodeCacheSize=
# This output file may be truncated or incomplete.
#
#  Out of Memory Error (allocation.cpp:390), pid=16232, tid=0x0000000000003b38
#
# JRE version: Java(TM) SE Runtime Environment (8.0_172-b11) (build 1.8.0_172-b11)
# Java VM: Java HotSpot(TM) 64-Bit Server VM (25.172-b11 mixed mode windows-amd64 compressed oops)
# Failed to write core dump. Minidumps are not enabled by default on client versions of Windows
#

---------------  T H R E A D  ---------------

Current thread (0x0000000020507000):  JavaThread "C2 CompilerThread2" daemon [_thread_in_native, id=15160, stack(0x0000000020ed0000,0x0000000020fd0000)]

Stack: [0x0000000020ed0000,0x0000000020fd0000]
[error occurred during error reporting (printing stack bounds), id 0xc0000005]

Native frames: (J=compiled Java code, j=interpreted, Vv=VM code, C=native code)


Current CompileTask:
C2:12383682 10363   !   4       sun.font.FontDesignMetrics::getMetrics (265 bytes)


---------------  P R O C E S S  ---------------

Java Threads: ( => current thread )
  0x0000000023772000 JavaThread "pool-1-thread-1" [_thread_blocked, id=16088, stack(0x0000000027780000,0x0000000027880000)]
  0x0000000023771000 JavaThread "Abandoned connection cleanup thread" daemon [_thread_blocked, id=13592, stack(0x0000000027480000,0x0000000027580000)]
  0x00000000236cd800 JavaThread "TimerQueue" daemon [_thread_blocked, id=12728, stack(0x0000000024de0000,0x0000000024ee0000)]
  0x0000000004ad5800 JavaThread "DestroyJavaVM" [_thread_blocked, id=2784, stack(0x00000000049d0000,0x0000000004ad0000)]
  0x0000000021ab0800 JavaThread "AWT-EventQueue-0" [_thread_blocked, id=16092, stack(0x0000000022f10000,0x0000000023010000)]
  0x0000000021a4d800 JavaThread "AWT-Windows" daemon [_thread_in_native, id=13744, stack(0x0000000021e30000,0x0000000021f30000)]
  0x0000000021a48800 JavaThread "AWT-Shutdown" [_thread_blocked, id=7672, stack(0x0000000021d30000,0x0000000021e30000)]
  0x0000000021a48000 JavaThread "Java2D Disposer" daemon [_thread_blocked, id=7576, stack(0x0000000021c30000,0x0000000021d30000)]
  0x00000000205ac800 JavaThread "Service Thread" daemon [_thread_blocked, id=14348, stack(0x00000000210d0000,0x00000000211d0000)]
  0x000000002050b000 JavaThread "C1 CompilerThread3" daemon [_thread_blocked, id=496, stack(0x0000000020fd0000,0x00000000210d0000)]
=>0x0000000020507000 JavaThread "C2 CompilerThread2" daemon [_thread_in_native, id=15160, stack(0x0000000020ed0000,0x0000000020fd0000)]
  0x0000000020503000 JavaThread "C2 CompilerThread1" daemon [_thread_blocked, id=13272, stack(0x0000000020dd0000,0x0000000020ed0000)]
  0x0000000020500800 JavaThread "C2 CompilerThread0" daemon [_thread_blocked, id=7360, stack(0x0000000020cd0000,0x0000000020dd0000)]
  0x00000000204ff000 JavaThread "Attach Listener" daemon [_thread_blocked, id=14456, stack(0x0000000020bd0000,0x0000000020cd0000)]
  0x00000000204fe000 JavaThread "Signal Dispatcher" daemon [_thread_blocked, id=15140, stack(0x0000000020ad0000,0x0000000020bd0000)]
  0x0000000004bcd800 JavaThread "Finalizer" daemon [_thread_blocked, id=11828, stack(0x00000000208c0000,0x00000000209c0000)]
  0x0000000004bcc000 JavaThread "Reference Handler" daemon [_thread_blocked, id=13896, stack(0x00000000203c0000,0x00000000204c0000)]

Other Threads:
  0x000000001e5e9000 VMThread [stack: 0x00000000202c0000,0x00000000203c0000] [id=9480]
  0x00000000205df000 WatcherThread [stack: 0x0000000021330000,0x0000000021430000] [id=4876]

VM state:not at safepoint (normal execution)

VM Mutex/Monitor currently owned by a thread: None

Heap:
 PSYoungGen      total 589312K, used 205938K [0x000000076b400000, 0x0000000791f80000, 0x00000007c0000000)
  eden space 564736K, 35% used [0x000000076b400000,0x00000007777a2d60,0x000000078db80000)
  from space 24576K, 22% used [0x0000000790780000,0x0000000790cf9dd8,0x0000000791f80000)
  to   space 34816K, 0% used [0x000000078db80000,0x000000078db80000,0x000000078fd80000)
 ParOldGen       total 142848K, used 33426K [0x00000006c1c00000, 0x00000006ca780000, 0x000000076b400000)
  object space 142848K, 23% used [0x00000006c1c00000,0x00000006c3ca4a90,0x00000006ca780000)
 Metaspace       used 48016K, capacity 48902K, committed 49152K, reserved 1093632K
  class space    used 5456K, capacity 5587K, committed 5632K, reserved 1048576K

Card table byte_map: [0x0000000013f90000,0x0000000014790000] byte_map_base: 0x0000000010982000

Marking Bits: (ParMarkBitMap*) 0x00000000684d3c10
 Begin Bits: [0x00000000154e0000, 0x0000000019470000)
 End Bits:   [0x0000000019470000, 0x000000001d400000)

Polling page: 0x00000000007f0000

CodeCache: size=245760Kb used=29179Kb max_used=29829Kb free=216580Kb
 bounds [0x0000000004bd0000, 0x0000000006920000, 0x0000000013bd0000]
 total_blobs=9267 nmethods=8528 adapters=648
 compilation: enabled

Compilation events (10 events):
Event: 12382.052 Thread 0x000000002050b000 nmethod 10353 0x000000000590f490 code [0x000000000590f620, 0x000000000590fb38]
Event: 12382.120 Thread 0x000000002050b000 10349       3       javax.swing.plaf.synth.SynthMenuItemLayoutHelper::getAlignAcceleratorText (32 bytes)
Event: 12382.130 Thread 0x000000002050b000 nmethod 10349 0x0000000005518990 code [0x0000000005518b80, 0x0000000005519738]
Event: 12382.464 Thread 0x0000000020507000 10363   !   4       sun.font.FontDesignMetrics::getMetrics (265 bytes)
Event: 12382.472 Thread 0x000000002050b000 10364       3       sun.java2d.pipe.LoopPipe::fillParallelogram (32 bytes)
Event: 12382.479 Thread 0x000000002050b000 nmethod 10364 0x0000000004e8c190 code [0x0000000004e8c300, 0x0000000004e8c588]
Event: 12382.485 Thread 0x0000000020503000 10367       4       sun.java2d.loops.Blit$GeneralMaskBlit::Blit (28 bytes)
Event: 12382.515 Thread 0x0000000020503000 nmethod 10367 0x000000000526f590 code [0x000000000526f6e0, 0x000000000526f828]
Event: 12382.524 Thread 0x000000002050b000 10366       3       sun.java2d.pipe.PixelToParallelogramConverter::len (37 bytes)
Event: 12382.560 Thread 0x000000002050b000 nmethod 10366 0x00000000059e6b50 code [0x00000000059e6cc0, 0x00000000059e6f50]

GC Heap History (10 events):
Event: 17.731 GC heap before
{Heap before GC invocations=8 (full 1):
 PSYoungGen      total 244736K, used 29831K [0x000000076b400000, 0x000000077d180000, 0x00000007c0000000)
  eden space 205824K, 6% used [0x000000076b400000,0x000000076c017880,0x0000000777d00000)
  from space 38912K, 44% used [0x000000077a100000,0x000000077b20a608,0x000000077c700000)
  to   space 36864K, 0% used [0x0000000777d00000,0x0000000777d00000,0x000000077a100000)
 ParOldGen       total 119296K, used 16212K [0x00000006c1c00000, 0x00000006c9080000, 0x000000076b400000)
  object space 119296K, 13% used [0x00000006c1c00000,0x00000006c2bd50d0,0x00000006c9080000)
 Metaspace       used 34853K, capacity 35408K, committed 35496K, reserved 1081344K
  class space    used 4205K, capacity 4334K, committed 4352K, reserved 1048576K
Event: 17.740 GC heap after
Heap after GC invocations=8 (full 1):
 PSYoungGen      total 242688K, used 15724K [0x000000076b400000, 0x0000000787680000, 0x00000007c0000000)
  eden space 205824K, 0% used [0x000000076b400000,0x000000076b400000,0x0000000777d00000)
  from space 36864K, 42% used [0x0000000777d00000,0x0000000778c5b220,0x000000077a100000)
  to   space 35328K, 0% used [0x0000000785400000,0x0000000785400000,0x0000000787680000)
 ParOldGen       total 119296K, used 16220K [0x00000006c1c00000, 0x00000006c9080000, 0x000000076b400000)
  object space 119296K, 13% used [0x00000006c1c00000,0x00000006c2bd70d0,0x00000006c9080000)
 Metaspace       used 34853K, capacity 35408K, committed 35496K, reserved 1081344K
  class space    used 4205K, capacity 4334K, committed 4352K, reserved 1048576K
}
Event: 17.740 GC heap before
{Heap before GC invocations=9 (full 2):
 PSYoungGen      total 242688K, used 15724K [0x000000076b400000, 0x0000000787680000, 0x00000007c0000000)
  eden space 205824K, 0% used [0x000000076b400000,0x000000076b400000,0x0000000777d00000)
  from space 36864K, 42% used [0x0000000777d00000,0x0000000778c5b220,0x000000077a100000)
  to   space 35328K, 0% used [0x0000000785400000,0x0000000785400000,0x0000000787680000)
 ParOldGen       total 119296K, used 16220K [0x00000006c1c00000, 0x00000006c9080000, 0x000000076b400000)
  object space 119296K, 13% used [0x00000006c1c00000,0x00000006c2bd70d0,0x00000006c9080000)
 Metaspace       used 34853K, capacity 35408K, committed 35496K, reserved 1081344K
  class space    used 4205K, capacity 4334K, committed 4352K, reserved 1048576K
Event: 17.799 GC heap after
Heap after GC invocations=9 (full 2):
 PSYoungGen      total 242688K, used 0K [0x000000076b400000, 0x0000000787680000, 0x00000007c0000000)
  eden space 205824K, 0% used [0x000000076b400000,0x000000076b400000,0x0000000777d00000)
  from space 36864K, 0% used [0x0000000777d00000,0x0000000777d00000,0x000000077a100000)
  to   space 35328K, 0% used [0x0000000785400000,0x0000000785400000,0x0000000787680000)
 ParOldGen       total 142848K, used 27695K [0x00000006c1c00000, 0x00000006ca780000, 0x000000076b400000)
  object space 142848K, 19% used [0x00000006c1c00000,0x00000006c370beb8,0x00000006ca780000)
 Metaspace       used 34853K, capacity 35408K, committed 35496K, reserved 1081344K
  class space    used 4205K, capacity 4334K, committed 4352K, reserved 1048576K
}
Event: 24.540 GC heap before
{Heap before GC invocations=10 (full 2):
 PSYoungGen      total 242688K, used 205824K [0x000000076b400000, 0x0000000787680000, 0x00000007c0000000)
  eden space 205824K, 100% used [0x000000076b400000,0x0000000777d00000,0x0000000777d00000)
  from space 36864K, 0% used [0x0000000777d00000,0x0000000777d00000,0x000000077a100000)
  to   space 35328K, 0% used [0x0000000785400000,0x0000000785400000,0x0000000787680000)
 ParOldGen       total 142848K, used 27695K [0x00000006c1c00000, 0x00000006ca780000, 0x000000076b400000)
  object space 142848K, 19% used [0x00000006c1c00000,0x00000006c370beb8,0x00000006ca780000)
 Metaspace       used 46197K, capacity 46910K, committed 47104K, reserved 1091584K
  class space    used 5435K, capacity 5576K, committed 5632K, reserved 1048576K
Event: 24.551 GC heap after
Heap after GC invocations=10 (full 2):
 PSYoungGen      total 410624K, used 13546K [0x000000076b400000, 0x0000000786e00000, 0x00000007c0000000)
  eden space 384000K, 0% used [0x000000076b400000,0x000000076b400000,0x0000000782b00000)
  from space 26624K, 50% used [0x0000000785400000,0x000000078613abd0,0x0000000786e00000)
  to   space 34304K, 0% used [0x0000000782b00000,0x0000000782b00000,0x0000000784c80000)
 ParOldGen       total 142848K, used 27711K [0x00000006c1c00000, 0x00000006ca780000, 0x000000076b400000)
  object space 142848K, 19% used [0x00000006c1c00000,0x00000006c370feb8,0x00000006ca780000)
 Metaspace       used 46197K, capacity 46910K, committed 47104K, reserved 1091584K
  class space    used 5435K, capacity 5576K, committed 5632K, reserved 1048576K
}
Event: 67.444 GC heap before
{Heap before GC invocations=11 (full 2):
 PSYoungGen      total 410624K, used 397546K [0x000000076b400000, 0x0000000786e00000, 0x00000007c0000000)
  eden space 384000K, 100% used [0x000000076b400000,0x0000000782b00000,0x0000000782b00000)
  from space 26624K, 50% used [0x0000000785400000,0x000000078613abd0,0x0000000786e00000)
  to   space 34304K, 0% used [0x0000000782b00000,0x0000000782b00000,0x0000000784c80000)
 ParOldGen       total 142848K, used 27711K [0x00000006c1c00000, 0x00000006ca780000, 0x000000076b400000)
  object space 142848K, 19% used [0x00000006c1c00000,0x00000006c370feb8,0x00000006ca780000)
 Metaspace       used 47033K, capacity 47784K, committed 48128K, reserved 1091584K
  class space    used 5442K, capacity 5582K, committed 5632K, reserved 1048576K
Event: 67.449 GC heap after
Heap after GC invocations=11 (full 2):
 PSYoungGen      total 418304K, used 7009K [0x000000076b400000, 0x0000000792980000, 0x00000007c0000000)
  eden space 384000K, 0% used [0x000000076b400000,0x000000076b400000,0x0000000782b00000)
  from space 34304K, 20% used [0x0000000782b00000,0x00000007831d8748,0x0000000784c80000)
  to   space 34816K, 0% used [0x0000000790780000,0x0000000790780000,0x0000000792980000)
 ParOldGen       total 142848K, used 27727K [0x00000006c1c00000, 0x00000006ca780000, 0x000000076b400000)
  object space 142848K, 19% used [0x00000006c1c00000,0x00000006c3713ed0,0x00000006ca780000)
 Metaspace       used 47033K, capacity 47784K, committed 48128K, reserved 1091584K
  class space    used 5442K, capacity 5582K, committed 5632K, reserved 1048576K
}
Event: 5049.349 GC heap before
{Heap before GC invocations=12 (full 2):
 PSYoungGen      total 418304K, used 391009K [0x000000076b400000, 0x0000000792980000, 0x00000007c0000000)
  eden space 384000K, 100% used [0x000000076b400000,0x0000000782b00000,0x0000000782b00000)
  from space 34304K, 20% used [0x0000000782b00000,0x00000007831d8748,0x0000000784c80000)
  to   space 34816K, 0% used [0x0000000790780000,0x0000000790780000,0x0000000792980000)
 ParOldGen       total 142848K, used 27727K [0x00000006c1c00000, 0x00000006ca780000, 0x000000076b400000)
  object space 142848K, 19% used [0x00000006c1c00000,0x00000006c3713ed0,0x00000006ca780000)
 Metaspace       used 47941K, capacity 48838K, committed 49152K, reserved 1093632K
  class space    used 5453K, capacity 5587K, committed 5632K, reserved 1048576K
Event: 5049.362 GC heap after
Heap after GC invocations=12 (full 2):
 PSYoungGen      total 589312K, used 5607K [0x000000076b400000, 0x0000000791f80000, 0x00000007c0000000)
  eden space 564736K, 0% used [0x000000076b400000,0x000000076b400000,0x000000078db80000)
  from space 24576K, 22% used [0x0000000790780000,0x0000000790cf9dd8,0x0000000791f80000)
  to   space 34816K, 0% used [0x000000078db80000,0x000000078db80000,0x000000078fd80000)
 ParOldGen       total 142848K, used 33426K [0x00000006c1c00000, 0x00000006ca780000, 0x000000076b400000)
  object space 142848K, 23% used [0x00000006c1c00000,0x00000006c3ca4a90,0x00000006ca780000)
 Metaspace       used 47941K, capacity 48838K, committed 49152K, reserved 1093632K
  class space    used 5453K, capacity 5587K, committed 5632K, reserved 1048576K
}

Deoptimization events (10 events):
Event: 5005.303 Thread 0x0000000021ab0800 Uncommon trap: reason=bimorphic action=maybe_recompile pc=0x0000000005e8fb64 method=sun.util.locale.provider.RuleBasedBreakIterator.getCurrent()I @ 4
Event: 5005.303 Thread 0x0000000021ab0800 Uncommon trap: reason=bimorphic action=maybe_recompile pc=0x0000000004dce18c method=sun.util.locale.provider.RuleBasedBreakIterator.getNext()I @ 4
Event: 5006.749 Thread 0x0000000021ab0800 Uncommon trap: reason=unstable_if action=reinterpret pc=0x00000000065cc5bc method=java.awt.EventQueue.setCurrentEventAndMostRecentTimeImpl(Ljava/awt/AWTEvent;)V @ 68
Event: 5006.752 Thread 0x0000000021ab0800 Uncommon trap: reason=unstable_if action=reinterpret pc=0x0000000004f10c40 method=java.awt.EventQueue.setCurrentEventAndMostRecentTimeImpl(Ljava/awt/AWTEvent;)V @ 68
Event: 5288.487 Thread 0x0000000021ab0800 Uncommon trap: reason=class_check action=maybe_recompile pc=0x00000000068c9cd0 method=java.awt.Component.processEvent(Ljava/awt/AWTEvent;)V @ 121
Event: 5288.717 Thread 0x0000000021ab0800 Uncommon trap: reason=class_check action=maybe_recompile pc=0x00000000068c9cd0 method=java.awt.Component.processEvent(Ljava/awt/AWTEvent;)V @ 121
Event: 5292.450 Thread 0x0000000021ab0800 Uncommon trap: reason=class_check action=maybe_recompile pc=0x00000000068c9cd0 method=java.awt.Component.processEvent(Ljava/awt/AWTEvent;)V @ 121
Event: 5292.453 Thread 0x0000000021ab0800 Uncommon trap: reason=class_check action=maybe_recompile pc=0x00000000068c9cd0 method=java.awt.Component.processEvent(Ljava/awt/AWTEvent;)V @ 121
Event: 9873.941 Thread 0x0000000021ab0800 Uncommon trap: reason=unstable_if action=reinterpret pc=0x00000000068ddf58 method=java.awt.Toolkit$SelectiveAWTEventListener.eventDispatched(Ljava/awt/AWTEvent;)V @ 682
Event: 12382.514 Thread 0x0000000021ab0800 Uncommon trap: reason=unstable_if action=reinterpret pc=0x0000000005796da4 method=sun.awt.image.SurfaceManager.getCacheData(Ljava/lang/Object;)Ljava/lang/Object; @ 4

Classes redefined (0 events):
No events

Internal exceptions (10 events):
Event: 19.314 Thread 0x0000000021ab0800 Implicit null exception at 0x00000000058510cb to 0x000000000585121c
Event: 19.316 Thread 0x0000000021ab0800 Implicit null exception at 0x00000000058cf1fb to 0x00000000058cfe9a
Event: 24.551 Thread 0x0000000021ab0800 Implicit null exception at 0x0000000005e803a5 to 0x0000000005e81e3d
Event: 40.994 Thread 0x0000000021ab0800 Implicit null exception at 0x0000000005422c20 to 0x0000000005429335
Event: 56.266 Thread 0x0000000021ab0800 Implicit null exception at 0x0000000005a2552b to 0x0000000005a25d3d
Event: 4975.672 Thread 0x0000000021ab0800 Implicit null exception at 0x0000000006285dc8 to 0x00000000062864b0
Event: 5003.179 Thread 0x0000000021ab0800 Implicit null exception at 0x000000000540dd53 to 0x000000000540e659
Event: 5003.179 Thread 0x0000000021ab0800 Implicit null exception at 0x000000000545738f to 0x0000000005457ab9
Event: 5003.809 Thread 0x0000000021ab0800 Implicit null exception at 0x00000000055c33e4 to 0x00000000055c4021
Event: 5005.302 Thread 0x0000000021ab0800 Implicit null exception at 0x000000000585d828 to 0x000000000585da9d

Events (10 events):
Event: 12382.514 Thread 0x0000000021ab0800 Uncommon trap: trap_request=0xffffff65 fr.pc=0x0000000005796da4
Event: 12382.515 Thread 0x0000000021ab0800 DEOPT PACKING pc=0x0000000005796da4 sp=0x000000002300c520
Event: 12382.520 Thread 0x000000002050b000 flushing nmethod 0x0000000005fb4850
Event: 12382.521 Thread 0x000000002050b000 flushing nmethod 0x0000000005fb7d50
Event: 12382.521 Thread 0x000000002050b000 flushing nmethod 0x0000000005fb9ed0
Event: 12382.523 Thread 0x000000002050b000 flushing nmethod 0x0000000005ff4e50
Event: 12382.524 Thread 0x0000000021ab0800 DEOPT UNPACKING pc=0x0000000004c1583b sp=0x000000002300c468 mode 2
Event: 12382.560 Thread 0x000000002050b000 flushing nmethod 0x000000000601e8d0
Event: 12382.575 Thread 0x000000002050b000 flushing nmethod 0x00000000060f7890
Event: 12382.585 Thread 0x000000002050b000 flushing nmethod 0x00000000061d3bd0


Dynamic libraries:
0x00007ff705eb0000 - 0x00007ff705ee7000 	C:\Program Files\Java\jdk1.8.0_172\jre\bin\java.exe
0x00007ffaaa710000 - 0x00007ffaaa8f0000 	C:\WINDOWS\SYSTEM32\ntdll.dll
0x00007ffaa7f00000 - 0x00007ffaa7fae000 	C:\WINDOWS\System32\KERNEL32.DLL
0x00007ffaa6b10000 - 0x00007ffaa6d76000 	C:\WINDOWS\System32\KERNELBASE.dll
0x00007ffaa8be0000 - 0x00007ffaa8c81000 	C:\WINDOWS\System32\ADVAPI32.dll
0x00007ffaa7c40000 - 0x00007ffaa7cdd000 	C:\WINDOWS\System32\msvcrt.dll
0x00007ffaaa680000 - 0x00007ffaaa6db000 	C:\WINDOWS\System32\sechost.dll
0x00007ffaaa100000 - 0x00007ffaaa21f000 	C:\WINDOWS\System32\RPCRT4.dll
0x00007ffaa80d0000 - 0x00007ffaa825f000 	C:\WINDOWS\System32\USER32.dll
0x00007ffaa7bc0000 - 0x00007ffaa7be0000 	C:\WINDOWS\System32\win32u.dll
0x00007ffaaa0d0000 - 0x00007ffaaa0f8000 	C:\WINDOWS\System32\GDI32.dll
0x00007ffaa7530000 - 0x00007ffaa76c3000 	C:\WINDOWS\System32\gdi32full.dll
0x00007ffaa76d0000 - 0x00007ffaa776b000 	C:\WINDOWS\System32\msvcp_win.dll
0x00007ffaa7990000 - 0x00007ffaa7a86000 	C:\WINDOWS\System32\ucrtbase.dll
0x00007ffa9cdd0000 - 0x00007ffa9d039000 	C:\WINDOWS\WinSxS\amd64_microsoft.windows.common-controls_6595b64144ccf1df_6.0.16299.431_none_15c7d3ee93659e73\COMCTL32.dll
0x00007ffaa88d0000 - 0x00007ffaa8bd8000 	C:\WINDOWS\System32\combase.dll
0x00007ffaa7a90000 - 0x00007ffaa7b02000 	C:\WINDOWS\System32\bcryptPrimitives.dll
0x00007ffaa7ed0000 - 0x00007ffaa7efd000 	C:\WINDOWS\System32\IMM32.DLL
0x0000000067bd0000 - 0x0000000067ca2000 	C:\Program Files\Java\jdk1.8.0_172\jre\bin\msvcr100.dll
0x0000000067cb0000 - 0x0000000068553000 	C:\Program Files\Java\jdk1.8.0_172\jre\bin\server\jvm.dll
0x00007ffaa7db0000 - 0x00007ffaa7db8000 	C:\WINDOWS\System32\PSAPI.DLL
0x00007ffaa2be0000 - 0x00007ffaa2be9000 	C:\WINDOWS\SYSTEM32\WSOCK32.dll
0x00007ffaa2830000 - 0x00007ffaa283a000 	C:\WINDOWS\SYSTEM32\VERSION.dll
0x00007ffa9cd80000 - 0x00007ffa9cda3000 	C:\WINDOWS\SYSTEM32\WINMM.dll
0x00007ffaaa2a0000 - 0x00007ffaaa30c000 	C:\WINDOWS\System32\WS2_32.dll
0x00007ffa9ccb0000 - 0x00007ffa9ccda000 	C:\WINDOWS\SYSTEM32\winmmbase.dll
0x00007ffaa7940000 - 0x00007ffaa798a000 	C:\WINDOWS\System32\cfgmgr32.dll
0x0000000067b80000 - 0x0000000067b8f000 	C:\Program Files\Java\jdk1.8.0_172\jre\bin\verify.dll
0x0000000067b50000 - 0x0000000067b79000 	C:\Program Files\Java\jdk1.8.0_172\jre\bin\java.dll
0x0000000067b30000 - 0x0000000067b46000 	C:\Program Files\Java\jdk1.8.0_172\jre\bin\zip.dll
0x00007ffaa8c90000 - 0x00007ffaaa0c8000 	C:\WINDOWS\System32\SHELL32.dll
0x00007ffaa8260000 - 0x00007ffaa8306000 	C:\WINDOWS\System32\shcore.dll
0x00007ffaa6de0000 - 0x00007ffaa7527000 	C:\WINDOWS\System32\windows.storage.dll
0x00007ffaa7be0000 - 0x00007ffaa7c31000 	C:\WINDOWS\System32\shlwapi.dll
0x00007ffaa6af0000 - 0x00007ffaa6b01000 	C:\WINDOWS\System32\kernel.appcore.dll
0x00007ffaa6aa0000 - 0x00007ffaa6aec000 	C:\WINDOWS\System32\powrprof.dll
0x00007ffaa6a80000 - 0x00007ffaa6a9b000 	C:\WINDOWS\System32\profapi.dll
0x0000000067950000 - 0x0000000067ae9000 	C:\Program Files\Java\jdk1.8.0_172\jre\bin\awt.dll
0x00007ffaa7ce0000 - 0x00007ffaa7da5000 	C:\WINDOWS\System32\OLEAUT32.dll
0x00007ffaa4b70000 - 0x00007ffaa4bf8000 	C:\WINDOWS\SYSTEM32\apphelp.dll
0x00007ffaa4f60000 - 0x00007ffaa4ff5000 	C:\WINDOWS\system32\uxtheme.dll
0x00007ffaa8760000 - 0x00007ffaa88c7000 	C:\WINDOWS\System32\MSCTF.dll
0x00007ffa6a830000 - 0x00007ffa6a86b000 	C:\Program Files\Nahimic\Nahimic VR\Foundation\x64\NahimicVRDevProps.dll
0x00007ffaaa510000 - 0x00007ffaaa659000 	C:\WINDOWS\System32\ole32.dll
0x00007ffa6a6c0000 - 0x00007ffa6a770000 	C:\Program Files\Nahimic\Nahimic2\UserInterface\x64\Nahimic2DevProps.dll
0x00007ffaa7dc0000 - 0x00007ffaa7e5e000 	C:\WINDOWS\System32\clbcatq.dll
0x00007ffa6a8f0000 - 0x00007ffa6a953000 	C:\Program Files\Nahimic\Nahimic2\UserInterface\x64\Nahimic2OSD.dll
0x00007ffaa0990000 - 0x00007ffaa09ff000 	C:\WINDOWS\System32\MMDevApi.dll
0x00007ffaa6870000 - 0x00007ffaa6897000 	C:\WINDOWS\System32\DEVOBJ.dll
0x00007ffaa1970000 - 0x00007ffaa1b21000 	C:\WINDOWS\System32\PROPSYS.dll
0x00007ffa94f00000 - 0x00007ffa95022000 	C:\WINDOWS\SYSTEM32\AUDIOSES.DLL
0x00007ffaa30f0000 - 0x00007ffaa3226000 	C:\WINDOWS\SYSTEM32\wintypes.dll
0x00007ffaa2320000 - 0x00007ffaa232a000 	C:\WINDOWS\SYSTEM32\AVRT.dll
0x00007ffaa5220000 - 0x00007ffaa524a000 	C:\WINDOWS\system32\dwmapi.dll
0x0000000067900000 - 0x0000000067947000 	C:\Program Files\Java\jdk1.8.0_172\jre\bin\fontmanager.dll
0x00007ffa85ee0000 - 0x00007ffa85ffe000 	C:\WINDOWS\system32\opengl32.dll
0x00007ffa86890000 - 0x00007ffa868bc000 	C:\WINDOWS\SYSTEM32\GLU32.dll
0x0000000067b10000 - 0x0000000067b2a000 	C:\Program Files\Java\jdk1.8.0_172\jre\bin\net.dll
0x00007ffaa62f0000 - 0x00007ffaa6356000 	C:\WINDOWS\system32\mswsock.dll
0x0000000067af0000 - 0x0000000067b01000 	C:\Program Files\Java\jdk1.8.0_172\jre\bin\nio.dll
0x00000000678b0000 - 0x00000000678f2000 	C:\Program Files\Java\jdk1.8.0_172\jre\bin\t2k.dll
0x00007ffa928e0000 - 0x00007ffa92978000 	C:\WINDOWS\System32\TextInputFramework.dll
0x00007ffa925f0000 - 0x00007ffa928de000 	C:\WINDOWS\System32\CoreUIComponents.dll
0x00007ffaa44a0000 - 0x00007ffaa457c000 	C:\WINDOWS\System32\CoreMessaging.dll
0x00007ffaa5b90000 - 0x00007ffaa5bc1000 	C:\WINDOWS\SYSTEM32\ntmarta.dll
0x0000000067870000 - 0x000000006789a000 	C:\Program Files\Java\jdk1.8.0_172\jre\bin\dcpr.dll
0x00007ffaa64b0000 - 0x00007ffaa64c7000 	C:\WINDOWS\SYSTEM32\CRYPTSP.dll
0x00007ffaa5ef0000 - 0x00007ffaa5f23000 	C:\WINDOWS\system32\rsaenh.dll
0x00007ffaa65c0000 - 0x00007ffaa65e5000 	C:\WINDOWS\SYSTEM32\bcrypt.dll
0x00007ffaa6990000 - 0x00007ffaa69b9000 	C:\WINDOWS\SYSTEM32\USERENV.dll
0x00007ffaa64d0000 - 0x00007ffaa64db000 	C:\WINDOWS\SYSTEM32\CRYPTBASE.dll
0x00007ffaa6080000 - 0x00007ffaa60b9000 	C:\WINDOWS\SYSTEM32\IPHLPAPI.DLL
0x00007ffaa80c0000 - 0x00007ffaa80c8000 	C:\WINDOWS\System32\NSI.dll
0x00007ffaa3050000 - 0x00007ffaa3066000 	C:\WINDOWS\SYSTEM32\dhcpcsvc6.DLL
0x00007ffaa3030000 - 0x00007ffaa304a000 	C:\WINDOWS\SYSTEM32\dhcpcsvc.DLL
0x00007ffa92440000 - 0x00007ffa925eb000 	C:\WINDOWS\SYSTEM32\WindowsCodecs.dll
0x00007ffa85440000 - 0x00007ffa8548f000 	C:\WINDOWS\system32\dataexchange.dll
0x00007ffaa3bf0000 - 0x00007ffaa3ed2000 	C:\WINDOWS\system32\d3d11.dll
0x00007ffaa4580000 - 0x00007ffaa46c2000 	C:\WINDOWS\system32\dcomp.dll
0x00007ffaa58c0000 - 0x00007ffaa596f000 	C:\WINDOWS\system32\dxgi.dll
0x00007ffaa5250000 - 0x00007ffaa53cb000 	C:\WINDOWS\system32\twinapi.appcore.dll
0x00007ffaa5490000 - 0x00007ffaa54b0000 	C:\WINDOWS\system32\RMCLIENT.dll

VM Arguments:
jvm_args: -Dfile.encoding=UTF-8 
java_command: views.ReporterVBView
java_class_path (initial): C:\Program Files\NetBeans 8.2\java\modules\ext\hibernate4\antlr-2.7.7.jar;C:\Program Files\NetBeans 8.2\java\modules\ext\hibernate4\c3p0-0.9.2.1.jar;C:\Program Files\NetBeans 8.2\java\modules\ext\hibernate4\hibernate-c3p0-4.3.1.Final.jar;C:\Program Files\NetBeans 8.2\java\modules\ext\hibernate4\mchange-commons-java-0.2.3.4.jar;C:\Program Files\NetBeans 8.2\java\modules\ext\hibernate4\dom4j-1.6.1.jar;C:\Program Files\NetBeans 8.2\java\modules\ext\hibernate4\ehcache-core-2.4.3.jar;C:\Program Files\NetBeans 8.2\java\modules\ext\hibernate4\hibernate-ehcache-4.3.1.Final.jar;C:\Program Files\NetBeans 8.2\java\modules\ext\hibernate4\hibernate-core-4.3.1.Final.jar;C:\Program Files\NetBeans 8.2\java\modules\ext\hibernate4\jboss-logging-3.1.3.GA.jar;C:\Program Files\NetBeans 8.2\java\modules\ext\hibernate4\hibernate-commons-annotations-4.0.4.Final.jar;C:\Program Files\NetBeans 8.2\java\modules\ext\hibernate4\hibernate-entitymanager-4.3.1.Final.jar;C:\Program Files\NetBeans 8.2\java\modules\ext\hibernate4\javassist-3.18.1-GA.jar;C:\Program Files\NetBeans 8.2\java\modules\ext\hibernate4\jboss-transaction-api_1.2_spec-1.0.0.Final.jar;C:\Program Files\NetBeans 8.2\java\modules\ext\hibernate4\slf4j-api-1.6.1.jar;C:\Program Files\NetBeans 8.2\java\modules\ext\hibernate4\slf4j-simple-1.6.1.jar;C:\Program Files\NetBeans 8.2\java\modules\ext\hibernate4\hibernate-jpa-2.1-api-1.0.0.Final.jar;C:\Program Files\NetBeans 8.2\ide\modules\ext\mysql-connector-java-5.1.23-bin.jar;C:\Users\ianfr\Documents\NetBeansProjects\report\jcalendar-1.4.jar;C:\Users\ianfr\Documents\NetBeansProjects\report\librerias\ant-1.7.1.jar;C:\Users\ianfr\Documents\NetBeansProjects\report\librerias\antlr-2.7.5.jar;C:\Users\ianfr\Documents\NetBeansProjects\report\librerias\antlr-2.7.7.jar;C:\Users\ianfr\Documents\NetBeansProjects\report\librerias\barbecue-1.5-beta1.jar;C:\Users\ianfr\Documents\NetBeansProjects\report\librerias\barcode4j-2.1.jar;C:\Users\ianfr\Documents\NetBeansProjects\repo
Launcher Type: SUN_STANDARD

Environment Variables:
JAVA_HOME=C:\Program Files\Java\jdk1.8.0_172
PATH=C:\Program Files\NVIDIA GPU Computing Toolkit\CUDA\v9.1\bin;C:\Program Files\NVIDIA GPU Computing Toolkit\CUDA\v9.1\libnvvp;C:\Program Files\Microsoft MPI\Bin\;C:\Program Files (x86)\Python36-32\Scripts\;C:\Program Files (x86)\Python36-32\;C:\Program Files (x86)\Common Files\Oracle\Java\javapath;C:\Program Files (x86)\Intel\iCLS Client\;C:\Program Files\Intel\iCLS Client\;C:\Windows\system32;C:\Windows;C:\Windows\System32\Wbem;C:\Windows\System32\WindowsPowerShell\v1.0\;C:\Program Files (x86)\Intel\Intel(R) Management Engine Components\DAL;C:\Program Files\Intel\Intel(R) Management Engine Components\DAL;C:\Program Files (x86)\Intel\Intel(R) Management Engine Components\IPT;C:\Program Files\Intel\Intel(R) Management Engine Components\IPT;C:\WINDOWS\system32;C:\WINDOWS;C:\WINDOWS\System32\Wbem;C:\WINDOWS\System32\WindowsPowerShell\v1.0\;D:\Program Files\nodejs\;C:\Program Files\Java\jdk1.8.0_172\bin;D:\Program Files\PuTTY\;C:\Program Files (x86)\NVIDIA Corporation\PhysX\Common;C:\Program Files\Git\cmd;C:\Program Files\dotnet\;C:\Users\ianfr\Anaconda3;C:\Users\ianfr\Anaconda3\Library\mingw-w64\bin;C:\Users\ianfr\Anaconda3\Library\usr\bin;C:\Users\ianfr\Anaconda3\Library\bin;C:\Users\ianfr\Anaconda3\Scripts;C:\Users\ianfr\AppData\Local\Microsoft\WindowsApps;C:\Users\ianfr\AppData\Roaming\npm;C:\Users\ianfr\AppData\Local\atom\bin;C:\Users\ianfr\AppData\Local\GitHubDesktop\bin
USERNAME=ianfr
OS=Windows_NT
PROCESSOR_IDENTIFIER=Intel64 Family 6 Model 158 Stepping 9, GenuineIntel



---------------  S Y S T E M  ---------------

OS: Windows 10.0 , 64 bit Build 16299 (10.0.16299.431)

CPU:total 8 (initial active 8) (4 cores per cpu, 2 threads per core) family 6 model 158 stepping 9, cmov, cx8, fxsr, mmx, sse, sse2, sse3, ssse3, sse4.1, sse4.2, popcnt, avx, avx2, aes, clmul, erms, 3dnowpref, lzcnt, ht, tsc, tscinvbit, bmi1, bmi2, adx

Memory: 4k page, physical 16659388k(828920k free), swap 32118584k(8k free)

vm_info: Java HotSpot(TM) 64-Bit Server VM (25.172-b11) for windows-amd64 JRE (1.8.0_172-b11), built on Mar 28 2018 21:21:52 by "java_re" with MS VC++ 10.0 (VS2010)

time: Fri May 11 16:07:36 2018
elapsed time: 12382 seconds (0d 3h 26m 22s)

