#
# A fatal error has been detected by the Java Runtime Environment:
#
#  EXCEPTION_ACCESS_VIOLATION (0xc0000005) at pc=0x000000005ea50584, pid=8952, tid=0x0000000000003070
#
# JRE version: Java(TM) SE Runtime Environment (8.0_141-b15) (build 1.8.0_141-b15)
# Java VM: Java HotSpot(TM) 64-Bit Server VM (25.141-b15 mixed mode windows-amd64 compressed oops)
# Problematic frame:
# C  [awt.dll+0xd0584]
#
# Failed to write core dump. Minidumps are not enabled by default on client versions of Windows
#
# If you would like to submit a bug report, please visit:
#   http://bugreport.java.com/bugreport/crash.jsp
# The crash happened outside the Java Virtual Machine in native code.
# See problematic frame for where to report the bug.
#

---------------  T H R E A D  ---------------

Current thread (0x0000000019e66000):  JavaThread "AWT-EventQueue-0" [_thread_in_native, id=12400, stack(0x000000001acc0000,0x000000001adc0000)]

siginfo: ExceptionCode=0xc0000005, reading address 0x0000000000000008

Registers:
RAX=0x000000000000000d, RBX=0x0000000019e661f8, RCX=0x0000000000000000, RDX=0x0000000001012616
RSP=0x000000001adbc2a8, RBP=0x0000000019e661f8, RSI=0x000000001a00b0d0, RDI=0x0000000019f556e0
R8 =0x0000000000007242, R9 =0x0000000001260000, R10=0x0000000000012616, R11=0x0000000000000246
R12=0x0000000001012616, R13=0x0000000000000000, R14=0x0000000000000000, R15=0x0000000019e66000
RIP=0x000000005ea50584, EFLAGS=0x0000000000010206

Top of Stack: (sp=0x000000001adbc2a8)
0x000000001adbc2a8:   000000005e9b75e1 0000000019e661f8
0x000000001adbc2b8:   000000001a00b0d0 000000000049414e
0x000000001adbc2c8:   000000000049414e 0000000000000000
0x000000001adbc2d8:   000000001a00b0d0 000000001adbc968
0x000000001adbc2e8:   000000005e9ebe8d 0000000019e661f8
0x000000001adbc2f8:   0000000000000000 000000001adbc401
0x000000001adbc308:   0000000000000000 000000001d548030
0x000000001adbc318:   000000005e9b3e32 000000001adbc968
0x000000001adbc328:   000000001adbc420 0000000019e661f8
0x000000001adbc338:   0000000000000000 0000000002cd835d
0x000000001adbc348:   0000000000000000 000000000000000a
0x000000001adbc358:   0000000000000554 0000000000000000
0x000000001adbc368:   0000000000000000 00000000d76f5b50
0x000000001adbc378:   00000000d9033d40 000000008216a040
0x000000001adbc388:   000000001adbc388 000000001761b40b
0x000000001adbc398:   000000001adbc970 0000000019e661f8 

Instructions: (pc=0x000000005ea50584)
0x000000005ea50564:   41 5e 41 5d 41 5c 5f c3 48 8b 41 08 48 05 00 04
0x000000005ea50574:   00 00 c3 cc 48 8b 41 08 48 8b 80 18 0c 00 00 c3
0x000000005ea50584:   48 8b 49 08 48 85 c9 74 05 e9 56 a8 fe ff 33 c0
0x000000005ea50594:   c3 cc cc cc 48 83 ec 28 48 8b 49 08 48 85 c9 74 


Register to memory mapping:

RAX=0x000000000000000d is an unknown value
RBX=0x0000000019e661f8 is an unknown value
RCX=0x0000000000000000 is an unknown value
RDX=0x0000000001012616 is pointing into metadata
RSP=0x000000001adbc2a8 is pointing into the stack for thread: 0x0000000019e66000
RBP=0x0000000019e661f8 is an unknown value
RSI=0x000000001a00b0d0 is an unknown value
RDI=0x0000000019f556e0 is an unknown value
R8 =0x0000000000007242 is an unknown value
R9 =0x0000000001260000 is an unknown value
R10=0x0000000000012616 is an unknown value
R11=0x0000000000000246 is an unknown value
R12=0x0000000001012616 is pointing into metadata
R13=0x0000000000000000 is an unknown value
R14=0x0000000000000000 is an unknown value
R15=0x0000000019e66000 is a thread


Stack: [0x000000001acc0000,0x000000001adc0000],  sp=0x000000001adbc2a8,  free space=1008k
Native frames: (J=compiled Java code, j=interpreted, Vv=VM code, C=native code)
C  [awt.dll+0xd0584]

Java frames: (J=compiled Java code, j=interpreted, Vv=VM code)
J 5254  sun.java2d.windows.GDIBlitLoops.nativeBlit(Lsun/java2d/SurfaceData;Lsun/java2d/SurfaceData;Lsun/java2d/pipe/Region;IIIIIIIIIZ)V (0 bytes) @ 0x0000000003bcbeec [0x0000000003bcbe00+0xec]
J 5253 C1 sun.java2d.windows.GDIBlitLoops.Blit(Lsun/java2d/SurfaceData;Lsun/java2d/SurfaceData;Ljava/awt/Composite;Lsun/java2d/pipe/Region;IIIIII)V (37 bytes) @ 0x0000000003bcf674 [0x0000000003bcf540+0x134]
J 7187 C2 sun.java2d.pipe.DrawImage.renderImageCopy(Lsun/java2d/SunGraphics2D;Ljava/awt/Image;Ljava/awt/Color;IIIIII)Z (147 bytes) @ 0x0000000003af9468 [0x0000000003af9060+0x408]
J 7460 C2 sun.java2d.SunGraphics2D.drawImage(Ljava/awt/Image;IILjava/awt/Color;Ljava/awt/image/ImageObserver;)Z (145 bytes) @ 0x00000000041d92c8 [0x00000000041d8c60+0x668]
J 7980 C2 sun.java2d.SunGraphics2D.drawImage(Ljava/awt/Image;IILjava/awt/image/ImageObserver;)Z (11 bytes) @ 0x00000000039a9418 [0x00000000039a93e0+0x38]
J 5320 C1 javax.swing.RepaintManager$PaintManager.paintDoubleBuffered(Ljavax/swing/JComponent;Ljava/awt/Image;Ljava/awt/Graphics;IIII)V (294 bytes) @ 0x0000000003c28664 [0x0000000003c27d20+0x944]
J 5158 C1 javax.swing.RepaintManager$PaintManager.paint(Ljavax/swing/JComponent;Ljavax/swing/JComponent;Ljava/awt/Graphics;IIII)Z (189 bytes) @ 0x0000000003b91b5c [0x0000000003b90ec0+0xc9c]
J 4528 C1 javax.swing.RepaintManager.paint(Ljavax/swing/JComponent;Ljavax/swing/JComponent;Ljava/awt/Graphics;IIII)V (93 bytes) @ 0x00000000032f5a3c [0x00000000032f5560+0x4dc]
J 5933 C2 javax.swing.JComponent.paint(Ljava/awt/Graphics;)V (409 bytes) @ 0x0000000003de88f4 [0x0000000003de7ea0+0xa54]
j  java.awt.GraphicsCallback$PaintCallback.run(Ljava/awt/Component;Ljava/awt/Graphics;)V+2
j  sun.awt.SunGraphicsCallback.runOneComponent(Ljava/awt/Component;Ljava/awt/Rectangle;Ljava/awt/Graphics;Ljava/awt/Shape;I)V+155
j  sun.awt.SunGraphicsCallback.runComponents([Ljava/awt/Component;Ljava/awt/Graphics;I)V+194
j  java.awt.Container.paint(Ljava/awt/Graphics;)V+58
j  java.awt.Window.paint(Ljava/awt/Graphics;)V+68
J 4692 C1 javax.swing.RepaintManager$4.run()Ljava/lang/Void; (278 bytes) @ 0x00000000039b27cc [0x00000000039b1c20+0xbac]
J 4378 C1 javax.swing.RepaintManager$4.run()Ljava/lang/Object; (5 bytes) @ 0x0000000002fbe68c [0x0000000002fbe600+0x8c]
v  ~StubRoutines::call_stub
J 691  java.security.AccessController.doPrivileged(Ljava/security/PrivilegedAction;Ljava/security/AccessControlContext;)Ljava/lang/Object; (0 bytes) @ 0x0000000002f9ab66 [0x0000000002f9ab00+0x66]
J 5125 C1 javax.swing.RepaintManager.paintDirtyRegions(Ljava/util/Map;)V (196 bytes) @ 0x0000000003b7221c [0x0000000003b70c00+0x161c]
J 5344 C1 javax.swing.RepaintManager.paintDirtyRegions()V (50 bytes) @ 0x0000000003c497ec [0x0000000003c49580+0x26c]
J 5343 C1 javax.swing.RepaintManager.prePaintDirtyRegions()V (91 bytes) @ 0x0000000003c4a324 [0x0000000003c49d00+0x624]
J 4671 C1 javax.swing.RepaintManager$ProcessingRunnable.run()V (41 bytes) @ 0x0000000003992e34 [0x0000000003992be0+0x254]
J 5572 C2 java.awt.EventQueue$3.run()Ljava/lang/Object; (5 bytes) @ 0x00000000031b188c [0x00000000031b1580+0x30c]
v  ~StubRoutines::call_stub
J 691  java.security.AccessController.doPrivileged(Ljava/security/PrivilegedAction;Ljava/security/AccessControlContext;)Ljava/lang/Object; (0 bytes) @ 0x0000000002f9ab66 [0x0000000002f9ab00+0x66]
J 5324 C2 java.awt.EventQueue.dispatchEvent(Ljava/awt/AWTEvent;)V (80 bytes) @ 0x0000000003c23678 [0x0000000003c23300+0x378]
J 5541 C2 java.awt.EventDispatchThread.pumpOneEventForFilters(I)V (295 bytes) @ 0x0000000003d35640 [0x0000000003d34660+0xfe0]
j  java.awt.EventDispatchThread.pumpEventsForFilter(ILjava/awt/Conditional;Ljava/awt/EventFilter;)V+35
j  java.awt.EventDispatchThread.pumpEventsForHierarchy(ILjava/awt/Conditional;Ljava/awt/Component;)V+11
j  java.awt.EventDispatchThread.pumpEvents(ILjava/awt/Conditional;)V+4
j  java.awt.EventDispatchThread.pumpEvents(Ljava/awt/Conditional;)V+3
j  java.awt.EventDispatchThread.run()V+9
v  ~StubRoutines::call_stub

---------------  P R O C E S S  ---------------

Java Threads: ( => current thread )
  0x000000001b6b8800 JavaThread "Swing-Shell" daemon [_thread_blocked, id=6120, stack(0x0000000020140000,0x0000000020240000)]
  0x000000001b6b6800 JavaThread "Thread-4" daemon [_thread_in_native, id=9812, stack(0x000000001f470000,0x000000001f570000)]
  0x000000001b6b8000 JavaThread "Abandoned connection cleanup thread" daemon [_thread_blocked, id=12592, stack(0x000000001e670000,0x000000001e770000)]
  0x000000001b1ed000 JavaThread "TimerQueue" daemon [_thread_blocked, id=6484, stack(0x000000001c8a0000,0x000000001c9a0000)]
  0x0000000002b74000 JavaThread "DestroyJavaVM" [_thread_blocked, id=12000, stack(0x0000000002a50000,0x0000000002b50000)]
=>0x0000000019e66000 JavaThread "AWT-EventQueue-0" [_thread_in_native, id=12400, stack(0x000000001acc0000,0x000000001adc0000)]
  0x0000000019e02800 JavaThread "AWT-Windows" daemon [_thread_in_native, id=9984, stack(0x000000001a2b0000,0x000000001a3b0000)]
  0x0000000019dff800 JavaThread "AWT-Shutdown" [_thread_blocked, id=5864, stack(0x000000001a1b0000,0x000000001a2b0000)]
  0x0000000019dff000 JavaThread "Java2D Disposer" daemon [_thread_blocked, id=6224, stack(0x000000001a0b0000,0x000000001a1b0000)]
  0x0000000019198800 JavaThread "Service Thread" daemon [_thread_blocked, id=11888, stack(0x0000000019560000,0x0000000019660000)]
  0x0000000017808800 JavaThread "C1 CompilerThread2" daemon [_thread_blocked, id=1788, stack(0x0000000019060000,0x0000000019160000)]
  0x0000000017805000 JavaThread "C2 CompilerThread1" daemon [_thread_blocked, id=8988, stack(0x0000000018f60000,0x0000000019060000)]
  0x0000000017802800 JavaThread "C2 CompilerThread0" daemon [_thread_blocked, id=8284, stack(0x0000000018e60000,0x0000000018f60000)]
  0x00000000177ff000 JavaThread "Attach Listener" daemon [_thread_blocked, id=5912, stack(0x0000000018d60000,0x0000000018e60000)]
  0x00000000177fe000 JavaThread "Signal Dispatcher" daemon [_thread_blocked, id=9508, stack(0x0000000018c60000,0x0000000018d60000)]
  0x00000000177ef000 JavaThread "Finalizer" daemon [_thread_blocked, id=13220, stack(0x0000000018a50000,0x0000000018b50000)]
  0x0000000002c65000 JavaThread "Reference Handler" daemon [_thread_blocked, id=8748, stack(0x0000000018950000,0x0000000018a50000)]

Other Threads:
  0x00000000177c6800 VMThread [stack: 0x0000000018850000,0x0000000018950000] [id=7264]
  0x00000000191ab800 WatcherThread [stack: 0x00000000197b0000,0x00000000198b0000] [id=12380]

VM state:not at safepoint (normal execution)

VM Mutex/Monitor currently owned by a thread: None

Heap:
 PSYoungGen      total 50176K, used 25610K [0x00000000d5f00000, 0x00000000da200000, 0x0000000100000000)
  eden space 49152K, 50% used [0x00000000d5f00000,0x00000000d77229f8,0x00000000d8f00000)
  from space 1024K, 87% used [0x00000000d9000000,0x00000000d90e0040,0x00000000d9100000)
  to   space 9728K, 0% used [0x00000000d9880000,0x00000000d9880000,0x00000000da200000)
 ParOldGen       total 61440K, used 48378K [0x0000000081c00000, 0x0000000085800000, 0x00000000d5f00000)
  object space 61440K, 78% used [0x0000000081c00000,0x0000000084b3eb48,0x0000000085800000)
 Metaspace       used 37806K, capacity 38601K, committed 38696K, reserved 1083392K
  class space    used 4201K, capacity 4328K, committed 4392K, reserved 1048576K

Card table byte_map: [0x0000000012090000,0x0000000012490000] byte_map_base: 0x0000000011c82000

Marking Bits: (ParMarkBitMap*) 0x000000005f4fd850
 Begin Bits: [0x0000000012b40000, 0x0000000014ad0000)
 End Bits:   [0x0000000014ad0000, 0x0000000016a60000)

Polling page: 0x0000000001420000

CodeCache: size=245760Kb used=27709Kb max_used=27887Kb free=218050Kb
 bounds [0x0000000002cd0000, 0x0000000004840000, 0x0000000011cd0000]
 total_blobs=8197 nmethods=7501 adapters=605
 compilation: enabled

Compilation events (10 events):
Event: 19970.342 Thread 0x0000000017808800 9255       3       java.util.WeakHashMap$Entry::getKey (8 bytes)
Event: 19970.342 Thread 0x0000000017808800 nmethod 9255 0x000000000330df90 code [0x000000000330e100, 0x000000000330e3b0]
Event: 19970.343 Thread 0x0000000017808800 9256       3       java.util.WeakHashMap::unmaskNull (13 bytes)
Event: 19970.343 Thread 0x0000000017808800 nmethod 9256 0x00000000034ffe90 code [0x00000000034fffe0, 0x0000000003500170]
Event: 19970.345 Thread 0x0000000017808800 9257       3       sun.awt.image.VolatileSurfaceManager::displayChanged (55 bytes)
Event: 19970.345 Thread 0x0000000017808800 nmethod 9257 0x00000000034cfbd0 code [0x00000000034cfd80, 0x00000000034d0468]
Event: 19970.467 Thread 0x0000000017805000 9258       4       javax.swing.plaf.nimbus.SynthPainterImpl::paintBorder (33 bytes)
Event: 19970.469 Thread 0x0000000017805000 nmethod 9258 0x00000000034dbd90 code [0x00000000034dbee0, 0x00000000034dbff8]
Event: 19970.543 Thread 0x0000000017802800 9259       4       sun.java2d.pipe.AAShapePipe::renderPath (84 bytes)
Event: 19970.547 Thread 0x0000000017802800 nmethod 9259 0x0000000003230c90 code [0x0000000003230e00, 0x0000000003231078]

GC Heap History (10 events):
Event: 10389.847 GC heap before
{Heap before GC invocations=41 (full 2):
 PSYoungGen      total 64000K, used 59200K [0x00000000d5f00000, 0x00000000da880000, 0x0000000100000000)
  eden space 53760K, 100% used [0x00000000d5f00000,0x00000000d9380000,0x00000000d9380000)
  from space 10240K, 53% used [0x00000000d9e80000,0x00000000da3d0020,0x00000000da880000)
  to   space 10752K, 0% used [0x00000000d9380000,0x00000000d9380000,0x00000000d9e00000)
 ParOldGen       total 61440K, used 42933K [0x0000000081c00000, 0x0000000085800000, 0x00000000d5f00000)
  object space 61440K, 69% used [0x0000000081c00000,0x00000000845ed5d8,0x0000000085800000)
 Metaspace       used 37670K, capacity 38455K, committed 38696K, reserved 1083392K
  class space    used 4200K, capacity 4326K, committed 4392K, reserved 1048576K
Event: 10389.851 GC heap after
Heap after GC invocations=41 (full 2):
 PSYoungGen      total 64512K, used 5280K [0x00000000d5f00000, 0x00000000db380000, 0x0000000100000000)
  eden space 53760K, 0% used [0x00000000d5f00000,0x00000000d5f00000,0x00000000d9380000)
  from space 10752K, 49% used [0x00000000d9380000,0x00000000d98a8000,0x00000000d9e00000)
  to   space 10240K, 0% used [0x00000000da980000,0x00000000da980000,0x00000000db380000)
 ParOldGen       total 61440K, used 43101K [0x0000000081c00000, 0x0000000085800000, 0x00000000d5f00000)
  object space 61440K, 70% used [0x0000000081c00000,0x00000000846175d8,0x0000000085800000)
 Metaspace       used 37670K, capacity 38455K, committed 38696K, reserved 1083392K
  class space    used 4200K, capacity 4326K, committed 4392K, reserved 1048576K
}
Event: 10515.473 GC heap before
{Heap before GC invocations=42 (full 2):
 PSYoungGen      total 64512K, used 59040K [0x00000000d5f00000, 0x00000000db380000, 0x0000000100000000)
  eden space 53760K, 100% used [0x00000000d5f00000,0x00000000d9380000,0x00000000d9380000)
  from space 10752K, 49% used [0x00000000d9380000,0x00000000d98a8000,0x00000000d9e00000)
  to   space 10240K, 0% used [0x00000000da980000,0x00000000da980000,0x00000000db380000)
 ParOldGen       total 61440K, used 43101K [0x0000000081c00000, 0x0000000085800000, 0x00000000d5f00000)
  object space 61440K, 70% used [0x0000000081c00000,0x00000000846175d8,0x0000000085800000)
 Metaspace       used 37686K, capacity 38455K, committed 38696K, reserved 1083392K
  class space    used 4200K, capacity 4326K, committed 4392K, reserved 1048576K
Event: 10515.477 GC heap after
Heap after GC invocations=42 (full 2):
 PSYoungGen      total 57856K, used 5344K [0x00000000d5f00000, 0x00000000daf00000, 0x0000000100000000)
  eden space 52224K, 0% used [0x00000000d5f00000,0x00000000d5f00000,0x00000000d9200000)
  from space 5632K, 94% used [0x00000000da980000,0x00000000daeb8000,0x00000000daf00000)
  to   space 10240K, 0% used [0x00000000d9b00000,0x00000000d9b00000,0x00000000da500000)
 ParOldGen       total 61440K, used 43197K [0x0000000081c00000, 0x0000000085800000, 0x00000000d5f00000)
  object space 61440K, 70% used [0x0000000081c00000,0x000000008462f5d8,0x0000000085800000)
 Metaspace       used 37686K, capacity 38455K, committed 38696K, reserved 1083392K
  class space    used 4200K, capacity 4326K, committed 4392K, reserved 1048576K
}
Event: 10517.100 GC heap before
{Heap before GC invocations=43 (full 2):
 PSYoungGen      total 57856K, used 57568K [0x00000000d5f00000, 0x00000000daf00000, 0x0000000100000000)
  eden space 52224K, 100% used [0x00000000d5f00000,0x00000000d9200000,0x00000000d9200000)
  from space 5632K, 94% used [0x00000000da980000,0x00000000daeb8000,0x00000000daf00000)
  to   space 10240K, 0% used [0x00000000d9b00000,0x00000000d9b00000,0x00000000da500000)
 ParOldGen       total 61440K, used 43197K [0x0000000081c00000, 0x0000000085800000, 0x00000000d5f00000)
  object space 61440K, 70% used [0x0000000081c00000,0x000000008462f5d8,0x0000000085800000)
 Metaspace       used 37686K, capacity 38455K, committed 38696K, reserved 1083392K
  class space    used 4200K, capacity 4326K, committed 4392K, reserved 1048576K
Event: 10517.104 GC heap after
Heap after GC invocations=43 (full 2):
 PSYoungGen      total 54784K, used 3168K [0x00000000d5f00000, 0x00000000daa00000, 0x0000000100000000)
  eden space 51200K, 0% used [0x00000000d5f00000,0x00000000d5f00000,0x00000000d9100000)
  from space 3584K, 88% used [0x00000000d9b00000,0x00000000d9e18000,0x00000000d9e80000)
  to   space 9728K, 0% used [0x00000000da080000,0x00000000da080000,0x00000000daa00000)
 ParOldGen       total 61440K, used 45373K [0x0000000081c00000, 0x0000000085800000, 0x00000000d5f00000)
  object space 61440K, 73% used [0x0000000081c00000,0x000000008484f5d8,0x0000000085800000)
 Metaspace       used 37686K, capacity 38455K, committed 38696K, reserved 1083392K
  class space    used 4200K, capacity 4326K, committed 4392K, reserved 1048576K
}
Event: 10600.716 GC heap before
{Heap before GC invocations=44 (full 2):
 PSYoungGen      total 54784K, used 54368K [0x00000000d5f00000, 0x00000000daa00000, 0x0000000100000000)
  eden space 51200K, 100% used [0x00000000d5f00000,0x00000000d9100000,0x00000000d9100000)
  from space 3584K, 88% used [0x00000000d9b00000,0x00000000d9e18000,0x00000000d9e80000)
  to   space 9728K, 0% used [0x00000000da080000,0x00000000da080000,0x00000000daa00000)
 ParOldGen       total 61440K, used 45373K [0x0000000081c00000, 0x0000000085800000, 0x00000000d5f00000)
  object space 61440K, 73% used [0x0000000081c00000,0x000000008484f5d8,0x0000000085800000)
 Metaspace       used 37688K, capacity 38455K, committed 38696K, reserved 1083392K
  class space    used 4200K, capacity 4326K, committed 4392K, reserved 1048576K
Event: 10600.720 GC heap after
Heap after GC invocations=44 (full 2):
 PSYoungGen      total 52736K, used 320K [0x00000000d5f00000, 0x00000000da300000, 0x0000000100000000)
  eden space 50176K, 0% used [0x00000000d5f00000,0x00000000d5f00000,0x00000000d9000000)
  from space 2560K, 12% used [0x00000000da080000,0x00000000da0d0000,0x00000000da300000)
  to   space 9728K, 0% used [0x00000000d9000000,0x00000000d9000000,0x00000000d9980000)
 ParOldGen       total 61440K, used 48296K [0x0000000081c00000, 0x0000000085800000, 0x00000000d5f00000)
  object space 61440K, 78% used [0x0000000081c00000,0x0000000084b2a008,0x0000000085800000)
 Metaspace       used 37688K, capacity 38455K, committed 38696K, reserved 1083392K
  class space    used 4200K, capacity 4326K, committed 4392K, reserved 1048576K
}
Event: 10625.626 GC heap before
{Heap before GC invocations=45 (full 2):
 PSYoungGen      total 52736K, used 50496K [0x00000000d5f00000, 0x00000000da300000, 0x0000000100000000)
  eden space 50176K, 100% used [0x00000000d5f00000,0x00000000d9000000,0x00000000d9000000)
  from space 2560K, 12% used [0x00000000da080000,0x00000000da0d0000,0x00000000da300000)
  to   space 9728K, 0% used [0x00000000d9000000,0x00000000d9000000,0x00000000d9980000)
 ParOldGen       total 61440K, used 48296K [0x0000000081c00000, 0x0000000085800000, 0x00000000d5f00000)
  object space 61440K, 78% used [0x0000000081c00000,0x0000000084b2a008,0x0000000085800000)
 Metaspace       used 37795K, capacity 38601K, committed 38696K, reserved 1083392K
  class space    used 4201K, capacity 4328K, committed 4392K, reserved 1048576K
Event: 10625.628 GC heap after
Heap after GC invocations=45 (full 2):
 PSYoungGen      total 50176K, used 896K [0x00000000d5f00000, 0x00000000da200000, 0x0000000100000000)
  eden space 49152K, 0% used [0x00000000d5f00000,0x00000000d5f00000,0x00000000d8f00000)
  from space 1024K, 87% used [0x00000000d9000000,0x00000000d90e0040,0x00000000d9100000)
  to   space 9728K, 0% used [0x00000000d9880000,0x00000000d9880000,0x00000000da200000)
 ParOldGen       total 61440K, used 48378K [0x0000000081c00000, 0x0000000085800000, 0x00000000d5f00000)
  object space 61440K, 78% used [0x0000000081c00000,0x0000000084b3eb48,0x0000000085800000)
 Metaspace       used 37795K, capacity 38601K, committed 38696K, reserved 1083392K
  class space    used 4201K, capacity 4328K, committed 4392K, reserved 1048576K
}

Deoptimization events (10 events):
Event: 10376.517 Thread 0x0000000019e66000 Uncommon trap: reason=unstable_if action=reinterpret pc=0x0000000002e340c4 method=java.util.concurrent.ConcurrentHashMap.get(Ljava/lang/Object;)Ljava/lang/Object; @ 76
Event: 10376.519 Thread 0x0000000019e66000 Uncommon trap: reason=unstable_if action=reinterpret pc=0x0000000003937f34 method=sun.font.ScriptRun.getPairIndex(I)I @ 54
Event: 10376.519 Thread 0x0000000019e66000 Uncommon trap: reason=unstable_if action=reinterpret pc=0x00000000030c62d0 method=sun.font.ScriptRun.getPairIndex(I)I @ 54
Event: 10384.777 Thread 0x0000000019e66000 Uncommon trap: reason=null_check action=make_not_entrant pc=0x0000000003f87cbc method=java.text.BreakIterator.getBreakInstance(Ljava/util/Locale;I)Ljava/text/BreakIterator; @ 16
Event: 10513.296 Thread 0x0000000019e66000 Uncommon trap: reason=unstable_if action=reinterpret pc=0x00000000038c9d94 method=java.awt.geom.Rectangle2D.intersects(DDDD)Z @ 42
Event: 10513.296 Thread 0x0000000019e66000 Uncommon trap: reason=unstable_if action=reinterpret pc=0x00000000036acecc method=java.awt.geom.Rectangle2D.intersects(DDDD)Z @ 42
Event: 10513.409 Thread 0x0000000019e66000 Uncommon trap: reason=unstable_if action=reinterpret pc=0x00000000040c0a64 method=java.awt.geom.Rectangle2D.intersects(DDDD)Z @ 42
Event: 10514.994 Thread 0x0000000019e66000 Uncommon trap: reason=unstable_if action=reinterpret pc=0x000000000397c904 method=sun.java2d.pipe.Region.dimAdd(II)I @ 1
Event: 19970.401 Thread 0x0000000019e66000 Uncommon trap: reason=unstable_if action=reinterpret pc=0x0000000003de5fb0 method=java.util.HashMap$HashIterator.<init>(Ljava/util/HashMap;)V @ 45
Event: 19970.410 Thread 0x0000000019e66000 Uncommon trap: reason=unstable_if action=reinterpret pc=0x0000000002e0fa54 method=java.util.HashMap$HashIterator.<init>(Ljava/util/HashMap;)V @ 45

Internal exceptions (10 events):
Event: 7316.469 Thread 0x000000001b6b5000 Implicit null exception at 0x0000000002ea1d45 to 0x0000000002ea1ff1
Event: 7316.657 Thread 0x000000001b6b5000 Implicit null exception at 0x0000000003dbba5b to 0x0000000003dc37bd
Event: 7317.212 Thread 0x000000001b6b5000 Implicit null exception at 0x0000000004398ae3 to 0x00000000043a02fd
Event: 7758.745 Thread 0x0000000019e66000 Exception <a 'java/lang/ArrayIndexOutOfBoundsException': 16694> (0x00000000d6cf70c0) thrown at [C:\re\workspace\8-2-build-windows-amd64-cygwin\jdk8u141\9370\hotspot\src\share\vm\interpreter\interpreterRuntime.cpp, line 366]
Event: 7777.713 Thread 0x0000000019e66000 Implicit null exception at 0x00000000032c8d75 to 0x00000000032c8e4d
Event: 7777.717 Thread 0x0000000019e66000 Implicit null exception at 0x0000000004284864 to 0x000000000428a811
Event: 7777.717 Thread 0x0000000019e66000 Implicit null exception at 0x0000000004168973 to 0x000000000416a31d
Event: 7801.408 Thread 0x0000000019e66000 Exception <a 'java/lang/ArrayIndexOutOfBoundsException'> (0x00000000d79dc630) thrown at [C:\re\workspace\8-2-build-windows-amd64-cygwin\jdk8u141\9370\hotspot\src\share\vm\runtime\sharedRuntime.cpp, line 605]
Event: 10375.846 Thread 0x0000000019e66000 Implicit null exception at 0x00000000045d56f5 to 0x00000000045d583d
Event: 10384.777 Thread 0x0000000019e66000 Implicit null exception at 0x0000000003f8783c to 0x0000000003f87ca5

Events (10 events):
Event: 19970.347 Thread 0x0000000017808800 flushing nmethod 0x0000000003f36b10
Event: 19970.401 Thread 0x0000000019e66000 Uncommon trap: trap_request=0xffffff65 fr.pc=0x0000000003de5fb0
Event: 19970.401 Thread 0x0000000019e66000 DEOPT PACKING pc=0x0000000003de5fb0 sp=0x000000001adbdf60
Event: 19970.401 Thread 0x0000000019e66000 DEOPT UNPACKING pc=0x0000000002d1582a sp=0x000000001adbde48 mode 2
Event: 19970.410 Thread 0x0000000019e66000 Uncommon trap: trap_request=0xffffff65 fr.pc=0x0000000002e0fa54
Event: 19970.410 Thread 0x0000000019e66000 DEOPT PACKING pc=0x0000000002e0fa54 sp=0x000000001adbdeb0
Event: 19970.410 Thread 0x0000000019e66000 DEOPT UNPACKING pc=0x0000000002d1582a sp=0x000000001adbde50 mode 2
Event: 19970.470 Thread 0x0000000017805000 flushing nmethod 0x00000000041d48d0
Event: 19970.548 Thread 0x0000000017802800 flushing nmethod 0x00000000042bc8d0
Event: 19970.548 Thread 0x0000000017802800 flushing nmethod 0x0000000004327390


Dynamic libraries:
0x00007ff671f40000 - 0x00007ff671f77000 	C:\Program Files\Java\jdk1.8.0_141\jre\bin\java.exe
0x00007ffc381c0000 - 0x00007ffc3839b000 	C:\Windows\SYSTEM32\ntdll.dll
0x00007ffc37ba0000 - 0x00007ffc37c4e000 	C:\Windows\System32\KERNEL32.DLL
0x00007ffc354d0000 - 0x00007ffc35719000 	C:\Windows\System32\KERNELBASE.dll
0x00007ffc35a10000 - 0x00007ffc35ab1000 	C:\Windows\System32\ADVAPI32.dll
0x00007ffc37460000 - 0x00007ffc374fd000 	C:\Windows\System32\msvcrt.dll
0x00007ffc35950000 - 0x00007ffc359a9000 	C:\Windows\System32\sechost.dll
0x00007ffc37ed0000 - 0x00007ffc37ff5000 	C:\Windows\System32\RPCRT4.dll
0x00007ffc38060000 - 0x00007ffc381aa000 	C:\Windows\System32\USER32.dll
0x00007ffc34870000 - 0x00007ffc3488e000 	C:\Windows\System32\win32u.dll
0x00007ffc37b60000 - 0x00007ffc37b87000 	C:\Windows\System32\GDI32.dll
0x00007ffc346e0000 - 0x00007ffc34868000 	C:\Windows\System32\gdi32full.dll
0x00007ffc35430000 - 0x00007ffc354ca000 	C:\Windows\System32\msvcp_win.dll
0x00007ffc35330000 - 0x00007ffc35426000 	C:\Windows\System32\ucrtbase.dll
0x00007ffc33520000 - 0x00007ffc33787000 	C:\Windows\WinSxS\amd64_microsoft.windows.common-controls_6595b64144ccf1df_6.0.15063.483_none_26002d27e7c744a2\COMCTL32.dll
0x00007ffc35ac0000 - 0x00007ffc35db9000 	C:\Windows\System32\combase.dll
0x00007ffc351c0000 - 0x00007ffc3522a000 	C:\Windows\System32\bcryptPrimitives.dll
0x00007ffc37500000 - 0x00007ffc3752d000 	C:\Windows\System32\IMM32.DLL
0x000000005ec00000 - 0x000000005ecd2000 	C:\Program Files\Java\jdk1.8.0_141\jre\bin\msvcr100.dll
0x000000005ece0000 - 0x000000005f57d000 	C:\Program Files\Java\jdk1.8.0_141\jre\bin\server\jvm.dll
0x00007ffc381b0000 - 0x00007ffc381b8000 	C:\Windows\System32\PSAPI.DLL
0x00007ffc2c1e0000 - 0x00007ffc2c203000 	C:\Windows\SYSTEM32\WINMM.dll
0x00007ffc2d2a0000 - 0x00007ffc2d2a9000 	C:\Windows\SYSTEM32\WSOCK32.dll
0x00007ffc37610000 - 0x00007ffc3767c000 	C:\Windows\System32\WS2_32.dll
0x00007ffc33320000 - 0x00007ffc3332a000 	C:\Windows\SYSTEM32\VERSION.dll
0x00007ffc2c180000 - 0x00007ffc2c1ab000 	C:\Windows\SYSTEM32\winmmbase.dll
0x00007ffc352e0000 - 0x00007ffc35329000 	C:\Windows\System32\cfgmgr32.dll
0x000000005ebb0000 - 0x000000005ebbf000 	C:\Program Files\Java\jdk1.8.0_141\jre\bin\verify.dll
0x000000005eb80000 - 0x000000005eba9000 	C:\Program Files\Java\jdk1.8.0_141\jre\bin\java.dll
0x000000005eb60000 - 0x000000005eb76000 	C:\Program Files\Java\jdk1.8.0_141\jre\bin\zip.dll
0x00007ffc35dc0000 - 0x00007ffc371f7000 	C:\Windows\System32\SHELL32.dll
0x00007ffc35890000 - 0x00007ffc3593a000 	C:\Windows\System32\shcore.dll
0x00007ffc34a60000 - 0x00007ffc35153000 	C:\Windows\System32\windows.storage.dll
0x00007ffc359b0000 - 0x00007ffc35a01000 	C:\Windows\System32\shlwapi.dll
0x00007ffc346c0000 - 0x00007ffc346d1000 	C:\Windows\System32\kernel.appcore.dll
0x00007ffc34670000 - 0x00007ffc346bc000 	C:\Windows\System32\powrprof.dll
0x00007ffc34650000 - 0x00007ffc34665000 	C:\Windows\System32\profapi.dll
0x000000005e980000 - 0x000000005eb18000 	C:\Program Files\Java\jdk1.8.0_141\jre\bin\awt.dll
0x00007ffc37c70000 - 0x00007ffc37d30000 	C:\Windows\System32\OLEAUT32.dll
0x00007ffc32690000 - 0x00007ffc3270e000 	C:\Windows\SYSTEM32\apphelp.dll
0x00007ffc327d0000 - 0x00007ffc32865000 	C:\Windows\system32\uxtheme.dll
0x00007ffc35720000 - 0x00007ffc35886000 	C:\Windows\System32\MSCTF.dll
0x00007ffc2c0c0000 - 0x00007ffc2c0ea000 	C:\Windows\system32\dwmapi.dll
0x00007ffc37200000 - 0x00007ffc37345000 	C:\Windows\System32\ole32.dll
0x000000005e930000 - 0x000000005e977000 	C:\Program Files\Java\jdk1.8.0_141\jre\bin\fontmanager.dll
0x00007ffc2d0e0000 - 0x00007ffc2d201000 	C:\Windows\system32\opengl32.dll
0x00007ffc2d0b0000 - 0x00007ffc2d0dc000 	C:\Windows\SYSTEM32\GLU32.dll
0x000000005eb40000 - 0x000000005eb5a000 	C:\Program Files\Java\jdk1.8.0_141\jre\bin\net.dll
0x00007ffc33f40000 - 0x00007ffc33f9c000 	C:\Windows\system32\mswsock.dll
0x000000005eb20000 - 0x000000005eb31000 	C:\Program Files\Java\jdk1.8.0_141\jre\bin\nio.dll
0x000000005e8e0000 - 0x000000005e922000 	C:\Program Files\Java\jdk1.8.0_141\jre\bin\t2k.dll
0x000000005e8a0000 - 0x000000005e8ca000 	C:\Program Files\Java\jdk1.8.0_141\jre\bin\dcpr.dll
0x00007ffc306f0000 - 0x00007ffc30772000 	C:\Windows\System32\TextInputFramework.dll
0x00007ffc320d0000 - 0x00007ffc321b3000 	C:\Windows\System32\CoreMessaging.dll
0x00007ffc2b970000 - 0x00007ffc2bc42000 	C:\Windows\System32\CoreUIComponents.dll
0x00007ffc33990000 - 0x00007ffc339c1000 	C:\Windows\SYSTEM32\ntmarta.dll
0x00007ffc30df0000 - 0x00007ffc30f29000 	C:\Windows\SYSTEM32\wintypes.dll
0x00007ffc2cb80000 - 0x00007ffc2cb95000 	C:\Windows\SYSTEM32\usermgrcli.dll
0x00007ffc37ac0000 - 0x00007ffc37b5e000 	C:\Windows\System32\clbcatq.dll
0x00007ffc2bd50000 - 0x00007ffc2befc000 	C:\Windows\SYSTEM32\WindowsCodecs.dll
0x00007ffc29c60000 - 0x00007ffc29ca7000 	C:\Windows\system32\dataexchange.dll
0x00007ffc321c0000 - 0x00007ffc322e2000 	C:\Windows\system32\dcomp.dll
0x00007ffc31820000 - 0x00007ffc31aff000 	C:\Windows\system32\d3d11.dll
0x00007ffc32f30000 - 0x00007ffc32fd4000 	C:\Windows\system32\dxgi.dll
0x00007ffc329b0000 - 0x00007ffc32b20000 	C:\Windows\system32\twinapi.appcore.dll
0x00007ffc341f0000 - 0x00007ffc34215000 	C:\Windows\system32\bcrypt.dll
0x00007ffc340e0000 - 0x00007ffc340f7000 	C:\Windows\SYSTEM32\CRYPTSP.dll
0x00007ffc33b60000 - 0x00007ffc33b94000 	C:\Windows\system32\rsaenh.dll
0x00007ffc34560000 - 0x00007ffc34589000 	C:\Windows\SYSTEM32\USERENV.dll
0x00007ffc34100000 - 0x00007ffc3410b000 	C:\Windows\SYSTEM32\CRYPTBASE.dll
0x00007ffc33ce0000 - 0x00007ffc33d17000 	C:\Windows\SYSTEM32\IPHLPAPI.DLL
0x00007ffc37b90000 - 0x00007ffc37b98000 	C:\Windows\System32\NSI.dll
0x00007ffc2cb40000 - 0x00007ffc2cb56000 	C:\Windows\SYSTEM32\dhcpcsvc6.DLL
0x00007ffc2ce20000 - 0x00007ffc2ce3a000 	C:\Windows\SYSTEM32\dhcpcsvc.DLL
0x00007ffc193d0000 - 0x00007ffc1945a000 	C:\Windows\SYSTEM32\WINSPOOL.DRV
0x00007ffc00e50000 - 0x00007ffc01119000 	C:\Windows\System32\DriverStore\FileRepository\prnms003.inf_amd64_bb379132d2c203f7\Amd64\PrintConfig.dll
0x00007ffc1b220000 - 0x00007ffc1b24f000 	C:\Windows\SYSTEM32\prntvpt.dll
0x00007ffc00d70000 - 0x00007ffc00e4b000 	C:\Windows\System32\DriverStore\FileRepository\ntprint.inf_amd64_8c30031d8d0a5589\Amd64\mxdwdrv.dll
0x00007ffc2c390000 - 0x00007ffc2c3c5000 	C:\Windows\SYSTEM32\XmlLite.dll
0x00007ffc00b50000 - 0x00007ffc00d69000 	C:\Windows\SYSTEM32\opcservices.dll
0x00007ffc27150000 - 0x00007ffc27317000 	C:\Windows\SYSTEM32\urlmon.dll
0x00007ffc27510000 - 0x00007ffc2779a000 	C:\Windows\SYSTEM32\iertutil.dll
0x00007ffbfeb00000 - 0x00007ffbfedcf000 	C:\Windows\SYSTEM32\xpsservices.dll
0x00007ffc29cb0000 - 0x00007ffc29f0d000 	C:\Windows\System32\msxml6.dll
0x00007ffc05be0000 - 0x00007ffc05c62000 	C:\Windows\system32\spool\DRIVERS\x64\3\UNIDRV.DLL
0x00007ffc2deb0000 - 0x00007ffc2dfcd000 	C:\Windows\system32\spool\DRIVERS\x64\3\UNIDRVUI.DLL
0x00007ffc37350000 - 0x00007ffc37458000 	C:\Windows\System32\COMDLG32.dll
0x00007ffc2d720000 - 0x00007ffc2d8b6000 	C:\Windows\system32\PROPSYS.dll
0x00007ffc18140000 - 0x00007ffc181d3000 	C:\Windows\SYSTEM32\mscms.dll
0x00007ffc195c0000 - 0x00007ffc195e2000 	C:\Windows\SYSTEM32\fontsub.dll
0x00007ffc2dd60000 - 0x00007ffc2de06000 	C:\Windows\WinSxS\amd64_microsoft.windows.common-controls_6595b64144ccf1df_5.82.15063.413_none_0e0f5dcc67adff4e\comctl32.dll
0x00007ffc2a460000 - 0x00007ffc2a991000 	C:\Windows\System32\OneCoreUAPCommonProxyStub.dll
0x00007ffc04e60000 - 0x00007ffc04f87000 	C:\Windows\system32\NetworkExplorer.dll
0x00007ffc1dab0000 - 0x00007ffc1dad7000 	C:\Windows\System32\IDStore.dll
0x00007ffc2c0f0000 - 0x00007ffc2c113000 	C:\Windows\System32\SAMLIB.dll
0x00007ffc1a350000 - 0x00007ffc1a3fc000 	C:\Windows\System32\wlidprov.dll
0x00007ffc33330000 - 0x00007ffc33348000 	C:\Windows\System32\samcli.dll
0x00007ffc202c0000 - 0x00007ffc202db000 	C:\Windows\SYSTEM32\MPR.dll
0x00007ffc1da60000 - 0x00007ffc1da6b000 	C:\Windows\System32\drprov.dll
0x00007ffc33790000 - 0x00007ffc337e5000 	C:\Windows\System32\WINSTA.dll
0x00007ffbef760000 - 0x00007ffbef776000 	C:\Windows\System32\ntlanman.dll
0x00007ffbef740000 - 0x00007ffbef760000 	C:\Windows\System32\davclnt.dll
0x00007ffc1d240000 - 0x00007ffc1d24c000 	C:\Windows\System32\DAVHLPR.dll
0x00007ffc2e600000 - 0x00007ffc2e616000 	C:\Windows\System32\wkscli.dll
0x00007ffc203e0000 - 0x00007ffc203f2000 	C:\Windows\SYSTEM32\cscapi.dll
0x00007ffc33dd0000 - 0x00007ffc33ddd000 	C:\Windows\System32\netutils.dll
0x00007ffc28ae0000 - 0x00007ffc28b2a000 	C:\Windows\System32\dlnashext.dll
0x00007ffc204a0000 - 0x00007ffc204be000 	C:\Windows\System32\DevDispItemProvider.dll
0x00007ffc10270000 - 0x00007ffc1044f000 	C:\Windows\system32\wpdshext.dll
0x00007ffc33350000 - 0x00007ffc334e5000 	C:\Windows\WinSxS\amd64_microsoft.windows.gdiplus_6595b64144ccf1df_1.1.15063.483_none_56eb200d4259be70\gdiplus.dll
0x00007ffc14200000 - 0x00007ffc1429c000 	C:\Windows\System32\PortableDeviceApi.dll
0x00007ffc37680000 - 0x00007ffc37abb000 	C:\Windows\System32\SETUPAPI.dll
0x00007ffc32b40000 - 0x00007ffc32b68000 	C:\Windows\System32\DEVOBJ.dll
0x00007ffc35160000 - 0x00007ffc351b6000 	C:\Windows\System32\WINTRUST.dll
0x00007ffc34630000 - 0x00007ffc34641000 	C:\Windows\System32\MSASN1.dll
0x00007ffc34890000 - 0x00007ffc34a59000 	C:\Windows\System32\CRYPT32.dll
0x00007ffc1d9f0000 - 0x00007ffc1da26000 	C:\Windows\System32\EhStorShell.dll
0x00007ffc196c0000 - 0x00007ffc196e5000 	C:\Windows\System32\EhStorAPI.dll
0x00007ffc30600000 - 0x00007ffc30613000 	C:\Windows\System32\WTSAPI32.dll
0x00007ffc2e770000 - 0x00007ffc2e780000 	C:\Windows\SYSTEM32\LINKINFO.dll
0x000000001cde0000 - 0x000000001cdfa000 	C:\Windows\system32\spool\DRIVERS\x64\3\OK9IBRES.DLL
0x000000001cdc0000 - 0x000000001cdd9000 	C:\Windows\system32\spool\DRIVERS\x64\3\3201TA.Dll
0x00007ffc2ea70000 - 0x00007ffc2ec19000 	C:\Windows\SYSTEM32\dbghelp.dll

VM Arguments:
jvm_args: -Dfile.encoding=UTF-8 
java_command: views.ReporterVBView
java_class_path (initial): C:\Program Files\NetBeans 8.2\java\modules\ext\hibernate4\antlr-2.7.7.jar;C:\Program Files\NetBeans 8.2\java\modules\ext\hibernate4\c3p0-0.9.2.1.jar;C:\Program Files\NetBeans 8.2\java\modules\ext\hibernate4\hibernate-c3p0-4.3.1.Final.jar;C:\Program Files\NetBeans 8.2\java\modules\ext\hibernate4\mchange-commons-java-0.2.3.4.jar;C:\Program Files\NetBeans 8.2\java\modules\ext\hibernate4\dom4j-1.6.1.jar;C:\Program Files\NetBeans 8.2\java\modules\ext\hibernate4\ehcache-core-2.4.3.jar;C:\Program Files\NetBeans 8.2\java\modules\ext\hibernate4\hibernate-ehcache-4.3.1.Final.jar;C:\Program Files\NetBeans 8.2\java\modules\ext\hibernate4\hibernate-core-4.3.1.Final.jar;C:\Program Files\NetBeans 8.2\java\modules\ext\hibernate4\jboss-logging-3.1.3.GA.jar;C:\Program Files\NetBeans 8.2\java\modules\ext\hibernate4\hibernate-commons-annotations-4.0.4.Final.jar;C:\Program Files\NetBeans 8.2\java\modules\ext\hibernate4\hibernate-entitymanager-4.3.1.Final.jar;C:\Program Files\NetBeans 8.2\java\modules\ext\hibernate4\javassist-3.18.1-GA.jar;C:\Program Files\NetBeans 8.2\java\modules\ext\hibernate4\jboss-transaction-api_1.2_spec-1.0.0.Final.jar;C:\Program Files\NetBeans 8.2\java\modules\ext\hibernate4\slf4j-api-1.6.1.jar;C:\Program Files\NetBeans 8.2\java\modules\ext\hibernate4\slf4j-simple-1.6.1.jar;C:\Program Files\NetBeans 8.2\java\modules\ext\hibernate4\hibernate-jpa-2.1-api-1.0.0.Final.jar;C:\Program Files\NetBeans 8.2\ide\modules\ext\mysql-connector-java-5.1.23-bin.jar;C:\Users\ianfr\Documents\NetBeansProjects\report\jcalendar-1.4.jar;C:\Users\ianfr\Documents\NetBeansProjects\report\librerias\ant-1.7.1.jar;C:\Users\ianfr\Documents\NetBeansProjects\report\librerias\antlr-2.7.5.jar;C:\Users\ianfr\Documents\NetBeansProjects\report\librerias\antlr-2.7.7.jar;C:\Users\ianfr\Documents\NetBeansProjects\report\librerias\barbecue-1.5-beta1.jar;C:\Users\ianfr\Documents\NetBeansProjects\report\librerias\barcode4j-2.1.jar;C:\Users\ianfr\Documents\NetBeansProjects\repo
Launcher Type: SUN_STANDARD

Environment Variables:
PATH=C:\ProgramData\Oracle\Java\javapath;C:\Windows\system32;C:\Windows;C:\Windows\System32\Wbem;C:\Windows\System32\WindowsPowerShell\v1.0\;C:\Program Files\PuTTY\;C:\PostgreSQL\pg96\bin;C:\Users\ianfr\AppData\Local\Microsoft\WindowsApps;
USERNAME=ianfr
OS=Windows_NT
PROCESSOR_IDENTIFIER=Intel64 Family 6 Model 42 Stepping 7, GenuineIntel



---------------  S Y S T E M  ---------------

OS: Windows 10.0 , 64 bit Build 15063 (10.0.15063.296)

CPU:total 4 (initial active 4) (2 cores per cpu, 2 threads per core) family 6 model 42 stepping 7, cmov, cx8, fxsr, mmx, sse, sse2, sse3, ssse3, sse4.1, sse4.2, popcnt, avx, aes, clmul, ht, tsc, tscinvbit

Memory: 4k page, physical 8269036k(3125040k free), swap 10791184k(4316596k free)

vm_info: Java HotSpot(TM) 64-Bit Server VM (25.141-b15) for windows-amd64 JRE (1.8.0_141-b15), built on Jul 12 2017 04:25:12 by "java_re" with MS VC++ 10.0 (VS2010)

time: Thu Aug 10 18:04:17 2017
elapsed time: 19970 seconds (0d 5h 32m 50s)

